{"C:\\Users\\Moses\\Desktop\\backend\\--test--\\example.js":{"path":"C:\\Users\\Moses\\Desktop\\backend\\--test--\\example.js","s":{"1":1,"2":1,"3":1,"4":1,"5":1},"b":{},"f":{},"fnMap":{},"statementMap":{"1":{"start":{"line":4,"column":0},"end":{"line":11,"column":4}},"2":{"start":{"line":5,"column":2},"end":{"line":10,"column":7}},"3":{"start":{"line":6,"column":3},"end":{"line":6,"column":17}},"4":{"start":{"line":7,"column":3},"end":{"line":7,"column":18}},"5":{"start":{"line":8,"column":3},"end":{"line":8,"column":34}}},"branchMap":{}}}